<?xml version="1.0" encoding="UTF-8"?>
<testng-results ignored="0" total="1" passed="1" failed="0" skipped="0">
  <reporter-output>
  </reporter-output>
  <suite started-at="2025-12-02T11:22:22Z" name="Default suite" finished-at="2025-12-02T11:23:02Z" duration-ms="39436">
    <groups>
    </groups>
    <test started-at="2025-12-02T11:22:22Z" name="Default test" finished-at="2025-12-02T11:23:02Z" duration-ms="39436">
      <class name="testMavenpackage.Test2">
        <test-method signature="a()[pri:0, instance:testMavenpackage.Test2@63f259c3]" started-at="2025-12-02T11:22:23Z" name="a" finished-at="2025-12-02T11:23:02Z" duration-ms="39143" status="PASS">
          <reporter-output>
          </reporter-output>
        </test-method> <!-- a -->
      </class> <!-- testMavenpackage.Test2 -->
    </test> <!-- Default test -->
  </suite> <!-- Default suite -->
</testng-results>
